<?xml version="1.0" encoding="UTF-8"?>
<!-- Generated by org.testng.reporters.JUnitXMLReporter -->
<testsuite hostname="IN-BLR-0151" name="login" tests="2" failures="0" timestamp="21 May 2021 17:50:12 GMT" time="0.04" errors="0">
  <testcase name="@BeforeTest openBrowser" time="0.0" classname="Academy.HomePage">
    <failure type="java.io.FileNotFoundException" message="D:\Automation\Workspace1\E2EProjectsrc\main\java\resources\data.properties (The system cannot find the path specified)">
      <![CDATA[java.io.FileNotFoundException: D:\Automation\Workspace1\E2EProjectsrc\main\java\resources\data.properties (The system cannot find the path specified)
	at java.io.FileInputStream.open0(Native Method)
	at java.io.FileInputStream.open(FileInputStream.java:195)
	at java.io.FileInputStream.<init>(FileInputStream.java:138)
	at java.io.FileInputStream.<init>(FileInputStream.java:93)
	at resources.Base.intializeDriver(Base.java:24)
	at Academy.HomePage.openBrowser(HomePage.java:24)
	at org.apache.maven.surefire.testng.TestNGExecutor.run(TestNGExecutor.java:284)
	at org.apache.maven.surefire.testng.TestNGXmlTestSuite.execute(TestNGXmlTestSuite.java:75)
	at org.apache.maven.surefire.testng.TestNGProvider.invoke(TestNGProvider.java:119)
	at org.apache.maven.surefire.booter.ForkedBooter.runSuitesInProcess(ForkedBooter.java:428)
	at org.apache.maven.surefire.booter.ForkedBooter.execute(ForkedBooter.java:162)
	at org.apache.maven.surefire.booter.ForkedBooter.run(ForkedBooter.java:562)
	at org.apache.maven.surefire.booter.ForkedBooter.main(ForkedBooter.java:548)
... Removed 19 stack frames]]>
    </failure>
  </testcase> <!-- @BeforeTest openBrowser -->
  <testcase name="@AfterTest closeBrowser" time="0.0" classname="Academy.HomePage">
    <skipped/>
  </testcase> <!-- @AfterTest closeBrowser -->
  <testcase name="basePageNavigate" time="0.007" classname="Academy.HomePage">
    <skipped/>
  </testcase> <!-- basePageNavigate -->
  <testcase name="basePageNavigate" time="0.0" classname="Academy.HomePage">
    <skipped/>
  </testcase> <!-- basePageNavigate -->
</testsuite> <!-- login -->
