<?xml version="1.0" encoding="UTF-8"?>
<!-- Generated by org.testng.reporters.JUnitXMLReporter -->
<testsuite hostname="IN-BLR-0151" name="Test" tests="3" failures="0" timestamp="19 May 2021 18:17:18 GMT" time="21.882" errors="0">
  <testcase name="basePageNavigate" time="6.622" classname="Academy.HomePage"/>
  <testcase name="basePageNavigate" time="6.291" classname="Academy.HomePage"/>
  <testcase name="basePageNavigate" time="0.21" classname="Academy.validateTitle"/>
</testsuite> <!-- Test -->
